# JRE version: OpenJDK Runtime Environment (11.0.5+10) (build 11.0.5+10-b520.38)
# Java VM: OpenJDK 64-Bit Server VM (11.0.5+10-b520.38, mixed mode, sharing, tiered, compressed oops, g1 gc, windows-amd64)
Heap:
 garbage-first heap   total 129024K, used 17387K [0x0000000083400000, 0x0000000100000000)
  region size 1024K, 10 young (10240K), 3 survivors (3072K)
 Metaspace       used 9037K, capacity 9490K, committed 9728K, reserved 1058816K
  class space    used 980K, capacity 1185K, committed 1280K, reserved 1048576K
GC Heap History (6 events):
Event: 1.542 GC heap before
{Heap before GC invocations=0 (full 0):
 garbage-first heap   total 129024K, used 22528K [0x0000000083400000, 0x0000000100000000)
  region size 1024K, 14 young (14336K), 0 survivors (0K)
 Metaspace       used 8678K, capacity 9051K, committed 9088K, reserved 1056768K
  class space    used 966K, capacity 1152K, committed 1152K, reserved 1048576K
}
Event: 1.605 GC heap after
{Heap after GC invocations=1 (full 0):
 garbage-first heap   total 129024K, used 11050K [0x0000000083400000, 0x0000000100000000)
  region size 1024K, 2 young (2048K), 2 survivors (2048K)
 Metaspace       used 8678K, capacity 9051K, committed 9088K, reserved 1056768K
  class space    used 966K, capacity 1152K, committed 1152K, reserved 1048576K
}
Event: 14.919 GC heap before
{Heap before GC invocations=1 (full 0):
 garbage-first heap   total 129024K, used 85802K [0x0000000083400000, 0x0000000100000000)
  region size 1024K, 76 young (77824K), 2 survivors (2048K)
 Metaspace       used 9033K, capacity 9490K, committed 9728K, reserved 1058816K
  class space    used 980K, capacity 1185K, committed 1280K, reserved 1048576K
}
Event: 14.923 GC heap after
{Heap after GC invocations=2 (full 0):
 garbage-first heap   total 129024K, used 11237K [0x0000000083400000, 0x0000000100000000)
  region size 1024K, 3 young (3072K), 3 survivors (3072K)
 Metaspace       used 9033K, capacity 9490K, committed 9728K, reserved 1058816K
  class space    used 980K, capacity 1185K, committed 1280K, reserved 1048576K
}
Event: 22.365 GC heap before
{Heap before GC invocations=2 (full 0):
 garbage-first heap   total 129024K, used 84965K [0x0000000083400000, 0x0000000100000000)
  region size 1024K, 75 young (76800K), 3 survivors (3072K)
 Metaspace       used 9035K, capacity 9490K, committed 9728K, reserved 1058816K
  class space    used 980K, capacity 1185K, committed 1280K, reserved 1048576K
}
Event: 22.368 GC heap after
{Heap after GC invocations=3 (full 0):
 garbage-first heap   total 129024K, used 11243K [0x0000000083400000, 0x0000000100000000)
  region size 1024K, 3 young (3072K), 3 survivors (3072K)
 Metaspace       used 9035K, capacity 9490K, committed 9728K, reserved 1058816K
  class space    used 980K, capacity 1185K, committed 1280K, reserved 1048576K
}

